<?xml version="1.0" encoding="UTF-8"?>
<!-- Generated by org.testng.reporters.JUnitReportReporter -->
<testsuite hostname="DESKTOP-E03M5RK" failures="0" tests="1" name="com.todos.tests.AddTodoTests" time="8.685" errors="0" timestamp="2024-12-20T14:07:49 GMT+01:00" skipped="0">
  <testcase classname="com.todos.tests.AddTodoTests" name="iCanAddToDo" time="8.685"/>
  <system-out/>
</testsuite> <!-- com.todos.tests.AddTodoTests -->
